\BOOKMARK [1][-]{section*.1}{Inhaltsverzeichnis}{}% 1
\BOOKMARK [1][-]{section*.2}{Abbildungsverzeichnis}{}% 2
\BOOKMARK [1][-]{section*.3}{Tabellenverzeichnis}{}% 3
\BOOKMARK [1][-]{section.1}{Einleitung}{}% 4
\BOOKMARK [1][-]{section.2}{Datenbasis}{}% 5
\BOOKMARK [2][-]{subsection.2.1}{Datengrundlage}{section.2}% 6
\BOOKMARK [2][-]{subsection.2.2}{Datenaufbereitung}{section.2}% 7
<<<<<<< HEAD
\BOOKMARK [1][-]{section.3}{Deskriptive\040Analyse}{}% 8
\BOOKMARK [1][-]{section.4}{Methodik}{}% 9
\BOOKMARK [2][-]{subsection.4.1}{Generalisierte\040lineare\040Modelle}{section.4}% 10
\BOOKMARK [3][-]{subsubsection.4.1.1}{Binäre Regressionsmodelle}{subsection.4.1}% 11
\BOOKMARK [3][-]{subsubsection.4.1.2}{Gruppierte\040Daten\040\(hier\040vllt\040noch\040eine\040Daten-Tabelle\)}{subsection.4.1}% 12
\BOOKMARK [3][-]{subsubsection.4.1.3}{Überdispersion}{subsection.4.1}% 13
\BOOKMARK [2][-]{subsection.4.2}{Generalisiertes\040additives\040Modell\040\(GAM\)}{section.4}% 14
\BOOKMARK [3][-]{subsubsection.4.2.1}{Standardmodell\040GAM}{subsection.4.2}% 15
\BOOKMARK [3][-]{subsubsection.4.2.2}{Basis\040Splines\040\(B-Splines\)}{subsection.4.2}% 16
\BOOKMARK [3][-]{subsubsection.4.2.3}{Penalisierte\040Splines\040\(P-Splines\)}{subsection.4.2}% 17
\BOOKMARK [3][-]{subsubsection.4.2.4}{Autokorrelation}{subsection.4.2}% 18
=======
\BOOKMARK [1][-]{section.3}{Deskriptive Analyse}{}% 8
\BOOKMARK [1][-]{section.4}{Methodik}{}% 9
\BOOKMARK [2][-]{subsection.4.1}{Generalisierte lineare Modelle}{section.4}% 10
\BOOKMARK [3][-]{subsubsection.4.1.1}{Bin\344re Regressionsmodelle}{subsection.4.1}% 11
\BOOKMARK [3][-]{subsubsection.4.1.2}{Gruppierte Daten \(hier vllt noch eine Daten-Tabelle\)}{subsection.4.1}% 12
\BOOKMARK [3][-]{subsubsection.4.1.3}{\334berdispersion}{subsection.4.1}% 13
\BOOKMARK [2][-]{subsection.4.2}{Generalisiertes additives Modell \(GAM\)}{section.4}% 14
\BOOKMARK [3][-]{subsubsection.4.2.1}{Standardmodell GAM}{subsection.4.2}% 15
\BOOKMARK [3][-]{subsubsection.4.2.2}{Basis Splines \(B-Splines\)}{subsection.4.2}% 16
\BOOKMARK [3][-]{subsubsection.4.2.3}{Penalisierte Splines \(P-Splines\)}{subsection.4.2}% 17
>>>>>>> 68aa06a7ea88e5035963ade778282bd88f2d4bc2
